2023-02-24 21:55:49,522 - ERROR - 'NoneType' object has no attribute 'open_session'
2023-02-24 22:01:17,759 - ERROR - list index out of range
2023-02-24 22:01:17,761 - ERROR - list index out of range
2023-02-24 22:01:17,762 - ERROR - list index out of range
2023-02-24 22:04:21,063 - ERROR - list index out of range
2023-02-24 22:05:50,652 - ERROR - '>' not supported between instances of 'ChannelFile' and 'int'
2023-02-25 17:26:25,683 - INFO - 命令语法错误,未指定文件传送方式(-u/-d)
2023-02-25 17:26:25,687 - ERROR - list index out of range
2023-02-25 17:26:25,789 - ERROR - list index out of range
2023-02-25 17:26:27,078 - INFO - 命令语法错误,必须指定源和目的文件(-s -d)
2023-02-25 17:26:40,623 - ERROR - list index out of range
2023-02-25 21:36:39,350 - ERROR - 
2023-02-26 00:21:46,269 - ERROR - Unable to connect to 172.21.161.161: [WinError 10060] 由于连接方在一段时间后没有正确答复或连接的主机没有反应，连接尝试失败。
2023-02-26 00:21:47,280 - ERROR - list index out of range
2023-02-26 00:21:47,282 - ERROR - list index out of range
2023-02-26 12:49:09,695 - ERROR - 无效的命令参数
2023-02-26 12:56:33,683 - ERROR - Unable to connect to 172.21.161.161: [WinError 10060] 由于连接方在一段时间后没有正确答复或连接的主机没有反应，连接尝试失败。
2023-02-26 14:34:34,138 - ERROR - list index out of range
2023-02-26 14:43:00,908 - ERROR - list index out of range
2023-02-26 14:43:14,117 - ERROR - list index out of range
2023-02-26 14:45:22,873 - ERROR - list index out of range
2023-02-26 14:46:23,128 - ERROR - 'NoneType' object is not subscriptable
2023-02-26 14:47:07,469 - ERROR - 'NoneType' object is not subscriptable
2023-02-26 14:52:41,632 - ERROR - 'NoneType' object is not subscriptable
2023-02-26 14:57:20,024 - ERROR - 'NoneType' object is not subscriptable
